[06-Mar-2020 23:47:03 UTC] PHP Warning:  call_user_func_array() expects parameter 1 to be a valid callback, function 'launcher_sidebars' not found or invalid function name in C:\Users\RAJU\Local Sites\theme-develop\app\public\wp-includes\class-wp-hook.php on line 286
[06-Mar-2020 23:47:03 UTC] PHP Stack trace:
[06-Mar-2020 23:47:03 UTC] PHP   1. {main}() C:\Users\RAJU\Local Sites\theme-develop\app\public\wp-admin\admin-ajax.php:0
[06-Mar-2020 23:47:03 UTC] PHP   2. require_once() C:\Users\RAJU\Local Sites\theme-develop\app\public\wp-admin\admin-ajax.php:22
[06-Mar-2020 23:47:03 UTC] PHP   3. require_once() C:\Users\RAJU\Local Sites\theme-develop\app\public\wp-load.php:37
[06-Mar-2020 23:47:03 UTC] PHP   4. require_once() C:\Users\RAJU\Local Sites\theme-develop\app\public\wp-config.php:77
[06-Mar-2020 23:47:03 UTC] PHP   5. do_action() C:\Users\RAJU\Local Sites\theme-develop\app\public\wp-settings.php:525
[06-Mar-2020 23:47:03 UTC] PHP   6. WP_Hook->do_action() C:\Users\RAJU\Local Sites\theme-develop\app\public\wp-includes\plugin.php:465
[06-Mar-2020 23:47:03 UTC] PHP   7. WP_Hook->apply_filters() C:\Users\RAJU\Local Sites\theme-develop\app\public\wp-includes\class-wp-hook.php:310
[06-Mar-2020 23:47:03 UTC] PHP   8. wp_widgets_init() C:\Users\RAJU\Local Sites\theme-develop\app\public\wp-includes\class-wp-hook.php:286
[06-Mar-2020 23:47:03 UTC] PHP   9. do_action() C:\Users\RAJU\Local Sites\theme-develop\app\public\wp-includes\widgets.php:1715
[06-Mar-2020 23:47:03 UTC] PHP  10. WP_Hook->do_action() C:\Users\RAJU\Local Sites\theme-develop\app\public\wp-includes\plugin.php:465
[06-Mar-2020 23:47:03 UTC] PHP  11. WP_Hook->apply_filters() C:\Users\RAJU\Local Sites\theme-develop\app\public\wp-includes\class-wp-hook.php:310
[06-Mar-2020 23:47:07 UTC] PHP Warning:  call_user_func_array() expects parameter 1 to be a valid callback, function 'launcher_sidebars' not found or invalid function name in C:\Users\RAJU\Local Sites\theme-develop\app\public\wp-includes\class-wp-hook.php on line 286
[06-Mar-2020 23:47:07 UTC] PHP Stack trace:
[06-Mar-2020 23:47:07 UTC] PHP   1. {main}() C:\Users\RAJU\Local Sites\theme-develop\app\public\wp-admin\admin-ajax.php:0
[06-Mar-2020 23:47:07 UTC] PHP   2. require_once() C:\Users\RAJU\Local Sites\theme-develop\app\public\wp-admin\admin-ajax.php:22
[06-Mar-2020 23:47:07 UTC] PHP   3. require_once() C:\Users\RAJU\Local Sites\theme-develop\app\public\wp-load.php:37
[06-Mar-2020 23:47:07 UTC] PHP   4. require_once() C:\Users\RAJU\Local Sites\theme-develop\app\public\wp-config.php:77
[06-Mar-2020 23:47:07 UTC] PHP   5. do_action() C:\Users\RAJU\Local Sites\theme-develop\app\public\wp-settings.php:525
[06-Mar-2020 23:47:07 UTC] PHP   6. WP_Hook->do_action() C:\Users\RAJU\Local Sites\theme-develop\app\public\wp-includes\plugin.php:465
[06-Mar-2020 23:47:07 UTC] PHP   7. WP_Hook->apply_filters() C:\Users\RAJU\Local Sites\theme-develop\app\public\wp-includes\class-wp-hook.php:310
[06-Mar-2020 23:47:07 UTC] PHP   8. wp_widgets_init() C:\Users\RAJU\Local Sites\theme-develop\app\public\wp-includes\class-wp-hook.php:286
[06-Mar-2020 23:47:07 UTC] PHP   9. do_action() C:\Users\RAJU\Local Sites\theme-develop\app\public\wp-includes\widgets.php:1715
[06-Mar-2020 23:47:07 UTC] PHP  10. WP_Hook->do_action() C:\Users\RAJU\Local Sites\theme-develop\app\public\wp-includes\plugin.php:465
[06-Mar-2020 23:47:07 UTC] PHP  11. WP_Hook->apply_filters() C:\Users\RAJU\Local Sites\theme-develop\app\public\wp-includes\class-wp-hook.php:310
[06-Mar-2020 23:47:09 UTC] PHP Warning:  call_user_func_array() expects parameter 1 to be a valid callback, function 'launcher_sidebars' not found or invalid function name in C:\Users\RAJU\Local Sites\theme-develop\app\public\wp-includes\class-wp-hook.php on line 286
[06-Mar-2020 23:47:09 UTC] PHP Stack trace:
[06-Mar-2020 23:47:09 UTC] PHP   1. {main}() C:\Users\RAJU\Local Sites\theme-develop\app\public\wp-admin\themes.php:0
[06-Mar-2020 23:47:09 UTC] PHP   2. require_once() C:\Users\RAJU\Local Sites\theme-develop\app\public\wp-admin\themes.php:10
[06-Mar-2020 23:47:09 UTC] PHP   3. require_once() C:\Users\RAJU\Local Sites\theme-develop\app\public\wp-admin\admin.php:34
[06-Mar-2020 23:47:09 UTC] PHP   4. require_once() C:\Users\RAJU\Local Sites\theme-develop\app\public\wp-load.php:37
[06-Mar-2020 23:47:09 UTC] PHP   5. require_once() C:\Users\RAJU\Local Sites\theme-develop\app\public\wp-config.php:77
[06-Mar-2020 23:47:09 UTC] PHP   6. do_action() C:\Users\RAJU\Local Sites\theme-develop\app\public\wp-settings.php:525
[06-Mar-2020 23:47:09 UTC] PHP   7. WP_Hook->do_action() C:\Users\RAJU\Local Sites\theme-develop\app\public\wp-includes\plugin.php:465
[06-Mar-2020 23:47:09 UTC] PHP   8. WP_Hook->apply_filters() C:\Users\RAJU\Local Sites\theme-develop\app\public\wp-includes\class-wp-hook.php:310
[06-Mar-2020 23:47:09 UTC] PHP   9. wp_widgets_init() C:\Users\RAJU\Local Sites\theme-develop\app\public\wp-includes\class-wp-hook.php:286
[06-Mar-2020 23:47:09 UTC] PHP  10. do_action() C:\Users\RAJU\Local Sites\theme-develop\app\public\wp-includes\widgets.php:1715
[06-Mar-2020 23:47:09 UTC] PHP  11. WP_Hook->do_action() C:\Users\RAJU\Local Sites\theme-develop\app\public\wp-includes\plugin.php:465
[06-Mar-2020 23:47:09 UTC] PHP  12. WP_Hook->apply_filters() C:\Users\RAJU\Local Sites\theme-develop\app\public\wp-includes\class-wp-hook.php:310
[06-Mar-2020 23:47:09 UTC] PHP Warning:  Cannot modify header information - headers already sent by (output started at C:\Users\RAJU\Local Sites\theme-develop\app\public\wp-includes\class-wp-hook.php:286) in C:\Users\RAJU\Local Sites\theme-develop\app\public\wp-admin\includes\misc.php on line 1196
[06-Mar-2020 23:47:09 UTC] PHP Stack trace:
[06-Mar-2020 23:47:09 UTC] PHP   1. {main}() C:\Users\RAJU\Local Sites\theme-develop\app\public\wp-admin\themes.php:0
[06-Mar-2020 23:47:09 UTC] PHP   2. require_once() C:\Users\RAJU\Local Sites\theme-develop\app\public\wp-admin\themes.php:10
[06-Mar-2020 23:47:09 UTC] PHP   3. do_action() C:\Users\RAJU\Local Sites\theme-develop\app\public\wp-admin\admin.php:169
[06-Mar-2020 23:47:09 UTC] PHP   4. WP_Hook->do_action() C:\Users\RAJU\Local Sites\theme-develop\app\public\wp-includes\plugin.php:465
[06-Mar-2020 23:47:09 UTC] PHP   5. WP_Hook->apply_filters() C:\Users\RAJU\Local Sites\theme-develop\app\public\wp-includes\class-wp-hook.php:310
[06-Mar-2020 23:47:09 UTC] PHP   6. wp_admin_headers() C:\Users\RAJU\Local Sites\theme-develop\app\public\wp-includes\class-wp-hook.php:286
[06-Mar-2020 23:47:09 UTC] PHP   7. header() C:\Users\RAJU\Local Sites\theme-develop\app\public\wp-admin\includes\misc.php:1196
